14:58:18.850 INFO  Menu.AuthorDetailController : Data Saved.
14:58:20.303 INFO  Menu.AuthorDetailController : Data Saved.
14:58:21.008 INFO  Menu.AuthorDetailController : Data Saved.
14:58:22.160 INFO  Menu.AuthorDetailController : Data Saved.
14:58:22.932 INFO  Menu.AuthorDetailController : Data Saved.
15:18:22.854 INFO  Menu.AuthorListController : Author double-clicked.
15:18:25.712 INFO  Menu.AuthorDetailController : Data Saved.
14:52:07.826 INFO  Menu.AuthorListController : Author double-clicked.
14:52:09.918 INFO  Menu.AuthorDetailController : Data Saved.
15:48:39.293 INFO  Menu.MenuLauncher : Creating connection...
15:53:22.338 INFO  Menu.MenuLauncher : Creating connection...
16:00:42.343 INFO  Menu.MenuLauncher : Creating connection...
16:02:46.033 INFO  Menu.MenuLauncher : Creating connection...
16:03:45.882 INFO  Menu.MenuLauncher : Creating connection...
16:07:16.399 INFO  Menu.MenuLauncher : Creating connection...
16:07:16.405 INFO  db.ConnectionFactory : Establishing Connection.
16:07:54.203 INFO  Menu.MenuLauncher : Creating connection...
16:07:54.207 INFO  db.ConnectionFactory : Establishing Connection.
16:08:19.991 INFO  Menu.MenuLauncher : Creating connection...
16:08:20.039 INFO  db.ConnectionFactory : Establishing Connection.
16:08:43.776 INFO  Menu.MenuLauncher : Creating connection...
16:11:54.837 INFO  Menu.MenuLauncher : Creating connection...
16:18:39.190 INFO  Menu.MenuLauncher : Creating connection...
17:14:05.627 INFO  Menu.MenuLauncher : Creating connection...
17:14:07.243 INFO  Menu.MenuLauncher : Connection complete.
17:14:07.475 INFO  Menu.MenuLauncher : Closing connection...
13:13:04.706 INFO  Menu.MenuLauncher : Creating connection...
13:13:06.119 INFO  Menu.MenuLauncher : Connection complete.
13:13:06.433 INFO  Menu.MenuLauncher : Closing connection...
13:26:02.108 INFO  Menu.MenuLauncher : Creating connection...
13:26:03.276 INFO  Menu.MenuLauncher : Connection complete.
13:26:03.492 INFO  Menu.MenuLauncher : Closing connection...
13:28:44.206 INFO  Menu.MenuLauncher : Creating connection...
13:28:44.843 INFO  Menu.MenuLauncher : Connection complete.
13:28:44.976 INFO  Menu.MenuLauncher : Closing connection...
14:01:56.680 INFO  Menu.MenuLauncher : Creating connection...
14:01:58.169 INFO  Menu.MenuLauncher : Connection complete.
14:01:58.423 INFO  Menu.MenuLauncher : Closing connection...
14:14:22.672 INFO  Menu.MenuLauncher : Creating connection...
14:14:23.666 INFO  Menu.MenuLauncher : Connection complete.
14:14:23.903 INFO  Menu.MenuLauncher : Closing connection...
14:17:55.394 INFO  Menu.MenuLauncher : Creating connection...
14:17:56.396 INFO  Menu.MenuLauncher : Connection complete.
14:17:56.652 INFO  Menu.MenuLauncher : Closing connection...
14:18:43.617 INFO  Menu.MenuLauncher : Creating connection...
14:18:44.078 INFO  Menu.MenuLauncher : Connection complete.
14:18:45.090 INFO  Menu.MenuLauncher : Closing connection...
14:25:37.348 INFO  Menu.MenuLauncher : Creating connection...
14:25:38.735 INFO  Menu.MenuLauncher : Connection complete.
14:25:47.163 INFO  Menu.MenuLauncher : Closing connection...
14:28:30.444 INFO  Menu.MenuLauncher : Creating connection...
14:28:31.627 INFO  Menu.MenuLauncher : Connection complete.
14:28:32.700 INFO  Menu.MenuLauncher : Closing connection...
14:45:20.770 INFO  Menu.MenuLauncher : Creating connection...
14:45:22.199 INFO  Menu.MenuLauncher : Connection complete.
14:45:38.884 INFO  Menu.AuthorListController : Author double-clicked.
14:45:47.269 INFO  Menu.AuthorListController : Author double-clicked.
14:45:49.738 INFO  Menu.MenuLauncher : Closing connection...
16:15:00.020 INFO  Menu.MenuLauncher : Creating connection...
16:15:00.805 INFO  Menu.MenuLauncher : Connection complete.
16:15:14.976 INFO  Menu.AuthorListController : Author double-clicked.
16:15:18.979 INFO  Menu.AuthorDetailController : Data Saved.
16:15:24.705 INFO  Menu.MenuLauncher : Closing connection...
16:17:36.229 INFO  Menu.MenuLauncher : Creating connection...
16:17:36.635 INFO  Menu.MenuLauncher : Connection complete.
16:17:40.512 INFO  Menu.MenuLauncher : Closing connection...
16:28:07.260 INFO  Menu.MenuLauncher : Creating connection...
16:28:09.733 INFO  Menu.MenuLauncher : Connection complete.
16:28:14.764 INFO  Menu.AuthorListController : Author double-clicked.
16:28:19.938 INFO  Menu.AuthorDetailController : Data Saved.
16:28:20.113 INFO  Menu.AuthorDetailController : Data Saved.
16:28:20.289 INFO  Menu.AuthorDetailController : Data Saved.
16:28:20.467 INFO  Menu.AuthorDetailController : Data Saved.
16:28:20.643 INFO  Menu.AuthorDetailController : Data Saved.
16:28:20.817 INFO  Menu.AuthorDetailController : Data Saved.
16:28:20.987 INFO  Menu.AuthorDetailController : Data Saved.
16:28:21.145 INFO  Menu.AuthorDetailController : Data Saved.
16:28:21.330 INFO  Menu.AuthorDetailController : Data Saved.
16:28:26.752 INFO  Menu.AuthorListController : Author double-clicked.
16:28:28.681 INFO  Menu.MenuLauncher : Closing connection...
16:29:07.626 INFO  Menu.MenuLauncher : Creating connection...
16:29:08.083 INFO  Menu.MenuLauncher : Connection complete.
16:29:10.724 INFO  Menu.AuthorListController : Author double-clicked.
16:29:14.514 INFO  Menu.AuthorListController : Author double-clicked.
16:29:17.515 INFO  Menu.MenuLauncher : Closing connection...
16:32:31.682 INFO  Menu.MenuLauncher : Creating connection...
16:32:32.171 INFO  Menu.MenuLauncher : Connection complete.
16:32:34.742 INFO  Menu.AuthorListController : Author double-clicked.
16:32:38.082 INFO  Menu.AuthorDetailController : Data Saved.
16:32:41.361 INFO  Menu.MenuLauncher : Closing connection...
16:33:10.043 INFO  Menu.MenuLauncher : Creating connection...
16:33:10.408 INFO  Menu.MenuLauncher : Connection complete.
16:33:12.649 INFO  Menu.AuthorListController : Author double-clicked.
16:33:15.396 INFO  Menu.MenuLauncher : Closing connection...
16:38:35.356 INFO  Menu.MenuLauncher : Creating connection...
16:38:35.794 INFO  Menu.MenuLauncher : Connection complete.
16:38:38.858 INFO  Menu.AuthorListController : Author double-clicked.
16:38:43.938 INFO  Menu.AuthorListController : Author double-clicked.
16:38:47.658 INFO  Menu.MenuLauncher : Closing connection...
16:40:44.836 INFO  Menu.MenuLauncher : Creating connection...
16:40:45.248 INFO  Menu.MenuLauncher : Connection complete.
16:40:51.789 INFO  Menu.AuthorListController : Author double-clicked.
16:40:56.798 INFO  Menu.MenuLauncher : Closing connection...
16:41:54.214 INFO  Menu.MenuLauncher : Creating connection...
16:41:54.630 INFO  Menu.MenuLauncher : Connection complete.
16:41:59.393 INFO  Menu.AuthorListController : Author double-clicked.
16:42:10.358 INFO  Menu.MenuLauncher : Closing connection...
16:45:50.311 INFO  Menu.MenuLauncher : Creating connection...
16:45:50.746 INFO  Menu.MenuLauncher : Connection complete.
16:53:55.294 INFO  Menu.MenuLauncher : Creating connection...
16:53:55.821 INFO  Menu.MenuLauncher : Connection complete.
16:53:58.820 INFO  Menu.AuthorListController : Author double-clicked.
16:54:04.390 INFO  Menu.AuthorListController : Author double-clicked.
16:54:14.116 INFO  Menu.AuthorDetailController : Data Saved.
16:54:17.296 INFO  Menu.AuthorListController : Author double-clicked.
16:54:18.932 INFO  Menu.MenuLauncher : Closing connection...
17:16:08.689 INFO  Menu.MenuLauncher : Closing connection...
17:16:11.457 INFO  Menu.MenuLauncher : Creating connection...
17:16:11.995 INFO  Menu.MenuLauncher : Connection complete.
17:16:16.698 INFO  Menu.MenuLauncher : Closing connection...
17:29:30.277 INFO  Menu.MenuLauncher : Creating connection...
17:29:31.712 INFO  Menu.MenuLauncher : Connection complete.
17:29:38.667 INFO  Menu.AuthorListController : Author double-clicked.
17:29:42.053 INFO  Menu.AuthorDetailController : Data Saved.
17:29:46.223 INFO  Menu.AuthorListController : Author double-clicked.
17:30:13.930 INFO  Menu.MenuLauncher : Closing connection...
17:32:06.205 INFO  Menu.MenuLauncher : Creating connection...
17:32:06.802 INFO  Menu.MenuLauncher : Connection complete.
17:32:10.211 INFO  Menu.AuthorListController : Author double-clicked.
17:32:13.003 INFO  Menu.AuthorDetailController : Data Saved.
17:32:16.420 INFO  Menu.AuthorListController : Author double-clicked.
17:32:26.184 INFO  Menu.AuthorDetailController : Data Saved.
17:32:26.434 INFO  Menu.AuthorDetailController : Data Saved.
17:32:27.500 INFO  Menu.AuthorDetailController : Data Saved.
17:32:32.488 INFO  Menu.AuthorListController : Author double-clicked.
17:32:33.755 INFO  Menu.AuthorDetailController : Data Saved.
17:32:33.925 INFO  Menu.AuthorDetailController : Data Saved.
17:32:34.101 INFO  Menu.AuthorDetailController : Data Saved.
17:32:34.261 INFO  Menu.AuthorDetailController : Data Saved.
17:32:34.381 INFO  Menu.AuthorDetailController : Data Saved.
17:33:18.825 INFO  Menu.AuthorListController : Author double-clicked.
17:33:21.787 INFO  Menu.AuthorDetailController : Data Saved.
17:33:22.844 INFO  Menu.MenuLauncher : Closing connection...
17:37:46.515 INFO  Menu.MenuLauncher : Creating connection...
17:37:47.107 INFO  Menu.MenuLauncher : Connection complete.
17:37:50.347 INFO  Menu.AuthorListController : Author double-clicked.
17:37:56.074 INFO  Menu.AuthorDetailController : Data Saved.
17:38:03.856 INFO  Menu.AuthorListController : Author double-clicked.
17:38:06.166 INFO  Menu.MenuLauncher : Closing connection...
17:39:11.101 INFO  Menu.MenuLauncher : Creating connection...
17:39:11.657 INFO  Menu.MenuLauncher : Connection complete.
17:39:15.032 INFO  Menu.AuthorListController : Author double-clicked.
17:39:17.726 INFO  Menu.AuthorDetailController : Data Saved.
17:39:26.811 INFO  Menu.AuthorListController : Author double-clicked.
17:39:30.301 INFO  Menu.AuthorDetailController : Data Saved.
17:39:32.310 INFO  Menu.MenuLauncher : Closing connection...
17:40:33.334 INFO  Menu.MenuLauncher : Creating connection...
17:40:33.776 INFO  Menu.MenuLauncher : Connection complete.
17:40:36.345 INFO  Menu.AuthorListController : Author double-clicked.
17:40:40.572 INFO  Menu.AuthorDetailController : Data Saved.
17:40:46.337 INFO  Menu.AuthorListController : Author double-clicked.
17:40:50.458 INFO  Menu.AuthorDetailController : Data Saved.
17:40:54.338 INFO  Menu.AuthorListController : Author double-clicked.
17:40:59.998 INFO  Menu.AuthorDetailController : Data Saved.
17:41:03.850 INFO  Menu.AuthorDetailController : Data Saved.
17:41:07.491 INFO  Menu.AuthorListController : Author double-clicked.
17:41:18.803 INFO  Menu.AuthorDetailController : Data Saved.
17:41:21.153 INFO  Menu.AuthorDetailController : Data Saved.
17:41:25.567 INFO  Menu.AuthorDetailController : Data Saved.
17:41:25.719 INFO  Menu.AuthorDetailController : Data Saved.
17:41:32.007 INFO  Menu.MenuLauncher : Closing connection...
17:43:37.932 INFO  Menu.MenuLauncher : Creating connection...
17:43:38.379 INFO  Menu.MenuLauncher : Connection complete.
17:43:41.544 INFO  Menu.AuthorListController : Author double-clicked.
17:43:44.770 INFO  Menu.AuthorDetailController : Data Saved.
17:43:48.132 INFO  Menu.AuthorListController : Author double-clicked.
17:43:51.819 INFO  Menu.AuthorDetailController : Data Saved.
17:43:56.895 INFO  Menu.MenuLauncher : Closing connection...
19:52:50.903 INFO  Menu.MenuLauncher : Creating connection...
19:52:51.713 INFO  Menu.MenuLauncher : Connection complete.
19:52:58.307 INFO  Menu.MenuLauncher : Closing connection...
19:53:05.618 INFO  Menu.MenuLauncher : Creating connection...
19:53:06.137 INFO  Menu.MenuLauncher : Connection complete.
19:53:12.456 INFO  Menu.MenuLauncher : Closing connection...
19:54:17.447 INFO  Menu.MenuLauncher : Creating connection...
19:54:18.195 INFO  Menu.MenuLauncher : Connection complete.
19:54:25.175 INFO  Menu.MenuLauncher : Closing connection...
19:55:41.550 INFO  Menu.MenuLauncher : Creating connection...
19:55:42.156 INFO  Menu.MenuLauncher : Connection complete.
19:55:53.862 INFO  Menu.MenuLauncher : Closing connection...
20:01:46.870 INFO  Menu.MenuLauncher : Creating connection...
20:01:47.509 INFO  Menu.MenuLauncher : Connection complete.
20:01:53.339 INFO  Menu.MenuLauncher : Closing connection...
20:03:32.387 INFO  Menu.MenuLauncher : Creating connection...
20:03:32.981 INFO  Menu.MenuLauncher : Connection complete.
20:03:34.930 INFO  Menu.AuthorDetailController : CreateAuthor
20:04:11.116 INFO  Menu.AuthorDetailController : Data Saved.
20:04:43.328 INFO  Menu.MenuLauncher : Closing connection...
20:11:39.015 INFO  Menu.MenuLauncher : Creating connection...
20:11:39.584 INFO  Menu.MenuLauncher : Connection complete.
20:11:42.199 INFO  Menu.MenuLauncher : Closing connection...
20:11:56.813 INFO  Menu.MenuLauncher : Creating connection...
20:11:57.596 INFO  Menu.MenuLauncher : Connection complete.
20:12:00.552 INFO  Menu.AuthorDetailController : CreateAuthor
20:12:20.669 INFO  Menu.MenuLauncher : Closing connection...
20:18:21.060 INFO  Menu.MenuLauncher : Creating connection...
20:18:21.723 INFO  Menu.MenuLauncher : Connection complete.
20:18:23.692 INFO  Menu.AuthorDetailController : CreateAuthor
20:18:36.949 INFO  Menu.MenuLauncher : Closing connection...
20:19:23.184 INFO  Menu.MenuLauncher : Creating connection...
20:19:23.768 INFO  Menu.MenuLauncher : Connection complete.
20:19:25.956 INFO  Menu.AuthorDetailController : CreateAuthor
20:19:28.643 INFO  Menu.MenuLauncher : Closing connection...
20:21:54.776 INFO  Menu.MenuLauncher : Creating connection...
20:21:55.422 INFO  Menu.MenuLauncher : Connection complete.
20:21:59.582 INFO  Menu.AuthorDetailController : CreateAuthor
20:22:01.947 INFO  Menu.MenuLauncher : Closing connection...
20:24:31.480 INFO  Menu.MenuLauncher : Creating connection...
20:24:32.106 INFO  Menu.MenuLauncher : Connection complete.
20:24:34.752 INFO  Menu.AuthorDetailController : CreateAuthor
20:24:40.094 INFO  Menu.MenuLauncher : Closing connection...
20:26:22.994 INFO  Menu.MenuLauncher : Creating connection...
20:26:23.582 INFO  Menu.MenuLauncher : Connection complete.
20:26:26.155 INFO  Menu.AuthorDetailController : CreateAuthor
20:28:10.988 INFO  Menu.MenuLauncher : Closing connection...
20:29:38.213 INFO  Menu.MenuLauncher : Creating connection...
20:29:38.890 INFO  Menu.MenuLauncher : Connection complete.
20:29:41.253 INFO  Menu.AuthorDetailController : CreateAuthor
20:30:11.464 INFO  Menu.AuthorDetailController : Data Saved.
20:31:47.968 INFO  Menu.MenuLauncher : Closing connection...
20:31:51.818 INFO  Menu.MenuLauncher : Creating connection...
20:31:52.440 INFO  Menu.MenuLauncher : Connection complete.
20:31:55.107 INFO  Menu.AuthorDetailController : CreateAuthor
20:32:07.869 INFO  Menu.AuthorDetailController : Data Saved.
20:32:07.870 INFO  Menu.AuthorDetailController : richard test
20:34:47.300 INFO  Menu.MenuLauncher : Closing connection...
20:38:36.221 INFO  Menu.MenuLauncher : Creating connection...
20:38:36.758 INFO  Menu.MenuLauncher : Connection complete.
20:38:39.012 INFO  Menu.AuthorDetailController : CreateAuthor
20:38:51.668 INFO  Menu.AuthorDetailController : Data Saved.
20:44:34.562 INFO  Menu.MenuLauncher : Creating connection...
20:44:35.215 INFO  Menu.MenuLauncher : Connection complete.
20:44:37.875 INFO  Menu.AuthorDetailController : CreateAuthor
20:44:52.447 INFO  Menu.AuthorDetailController : Data Saved.
20:46:21.410 INFO  Menu.MenuLauncher : Closing connection...
20:46:23.527 INFO  Menu.MenuLauncher : Closing connection...
20:47:38.128 INFO  Menu.MenuLauncher : Creating connection...
20:47:38.722 INFO  Menu.MenuLauncher : Connection complete.
20:47:41.033 INFO  Menu.AuthorDetailController : CreateAuthor
20:47:53.539 INFO  Menu.AuthorDetailController : Data Saved.
20:48:06.391 INFO  Menu.MenuLauncher : Closing connection...
20:48:26.490 INFO  Menu.MenuLauncher : Creating connection...
20:48:27.111 INFO  Menu.MenuLauncher : Connection complete.
20:48:29.251 INFO  Menu.AuthorDetailController : CreateAuthor
20:48:55.496 INFO  Menu.AuthorDetailController : Data Saved.
20:49:13.241 INFO  Menu.MenuLauncher : Closing connection...
21:08:30.056 INFO  Menu.MenuLauncher : Creating connection...
21:08:30.686 INFO  Menu.MenuLauncher : Connection complete.
21:08:44.767 INFO  Menu.AuthorListController : Author double-clicked.
21:08:44.770 INFO  Menu.AuthorDetailController : UpdateAuthor
21:08:56.884 INFO  Menu.MenuLauncher : Closing connection...
21:09:00.088 INFO  Menu.MenuLauncher : Creating connection...
21:09:00.679 INFO  Menu.MenuLauncher : Connection complete.
21:09:07.077 INFO  Menu.AuthorListController : Author double-clicked.
21:09:07.080 INFO  Menu.AuthorDetailController : UpdateAuthor
21:09:16.968 INFO  Menu.MenuLauncher : Closing connection...
21:11:20.345 INFO  Menu.MenuLauncher : Creating connection...
21:11:20.912 INFO  Menu.MenuLauncher : Connection complete.
21:11:24.709 INFO  Menu.AuthorListController : Author double-clicked.
21:11:24.713 INFO  Menu.AuthorDetailController : UpdateAuthor
21:11:34.612 INFO  Menu.MenuLauncher : Closing connection...
21:12:08.491 INFO  Menu.MenuLauncher : Creating connection...
21:12:09.053 INFO  Menu.MenuLauncher : Connection complete.
21:12:11.719 INFO  Menu.AuthorListController : Author double-clicked.
21:12:11.723 INFO  Menu.AuthorDetailController : UpdateAuthor
21:12:23.342 INFO  Menu.MenuLauncher : Closing connection...
21:13:45.466 INFO  Menu.MenuLauncher : Creating connection...
21:13:46.105 INFO  Menu.MenuLauncher : Connection complete.
21:13:48.382 INFO  Menu.AuthorListController : Author double-clicked.
21:13:48.383 INFO  Menu.AuthorDetailController : UpdateAuthor
21:14:49.234 INFO  Menu.MenuLauncher : Creating connection...
21:14:49.857 INFO  Menu.MenuLauncher : Connection complete.
21:14:54.267 INFO  Menu.AuthorListController : Author double-clicked.
21:14:54.269 INFO  Menu.AuthorDetailController : UpdateAuthor
21:15:00.224 INFO  Menu.AuthorDetailController : 0
21:15:03.204 INFO  Menu.MenuLauncher : Closing connection...
21:15:36.009 INFO  Menu.MenuLauncher : Creating connection...
21:15:36.662 INFO  Menu.MenuLauncher : Connection complete.
21:15:38.949 INFO  Menu.AuthorListController : Author double-clicked.
21:15:40.723 INFO  Menu.AuthorListController : Author double-clicked.
21:15:40.725 INFO  Menu.AuthorDetailController : UpdateAuthor
21:15:48.593 INFO  Menu.MenuLauncher : Closing connection...
21:15:51.279 INFO  Menu.MenuLauncher : Creating connection...
21:15:51.870 INFO  Menu.MenuLauncher : Connection complete.
21:15:53.927 INFO  Menu.AuthorListController : Author double-clicked.
21:15:53.930 INFO  Menu.AuthorDetailController : UpdateAuthor
21:16:19.005 INFO  Menu.MenuLauncher : Creating connection...
21:16:19.585 INFO  Menu.MenuLauncher : Connection complete.
21:16:21.756 INFO  Menu.AuthorListController : Author double-clicked.
21:16:26.110 INFO  Menu.AuthorListController : Author double-clicked.
21:16:26.111 INFO  Menu.AuthorDetailController : UpdateAuthor
21:17:52.337 INFO  Menu.MenuLauncher : Closing connection...
21:17:54.609 INFO  Menu.MenuLauncher : Closing connection...
21:17:56.850 INFO  Menu.MenuLauncher : Closing connection...
21:17:59.020 INFO  Menu.MenuLauncher : Creating connection...
21:17:59.580 INFO  Menu.MenuLauncher : Connection complete.
21:18:01.682 INFO  Menu.AuthorListController : Author double-clicked.
21:18:01.685 INFO  Menu.AuthorDetailController : UpdateAuthor
21:18:15.902 INFO  Menu.MenuLauncher : Closing connection...
21:18:54.977 INFO  Menu.MenuLauncher : Creating connection...
21:18:55.580 INFO  Menu.MenuLauncher : Connection complete.
21:18:57.443 INFO  Menu.AuthorDetailController : CreateAuthor
21:19:17.045 INFO  Menu.AuthorListController : Author double-clicked.
21:19:17.046 INFO  Menu.AuthorDetailController : UpdateAuthor
21:19:22.866 INFO  db.AuthorGateway : Updating.
21:19:22.868 INFO  db.AuthorGateway : trest
21:19:31.396 INFO  Menu.MenuLauncher : Closing connection...
15:40:51.292 INFO  author.AuthorLauncher : Creating connection...
15:40:52.536 INFO  author.AuthorLauncher : Connection complete.
15:40:52.606 INFO  author.AuthorLauncher : Closing connection...
15:47:00.678 INFO  author.AuthorLauncher : Creating connection...
15:47:01.876 INFO  author.AuthorLauncher : Connection complete.
15:47:09.478 INFO  author.AuthorDetailController : CreateAuthor
15:47:44.764 INFO  author.AuthorLauncher : Closing connection...
15:47:47.505 INFO  author.AuthorLauncher : Creating connection...
15:47:48.803 INFO  author.AuthorLauncher : Connection complete.
15:47:52.110 INFO  author.AuthorDetailController : CreateAuthor
15:48:30.618 INFO  author.AuthorLauncher : Closing connection...
19:10:29.528 INFO  author.AuthorLauncher : Creating connection...
